0 info it worked if it ends with ok
1 verbose cli [ 'G:\\node\\node.exe',
1 verbose cli   'G:\\node\\node_modules\\npm\\bin\\npm-cli.js',
1 verbose cli   'run',
1 verbose cli   'db:migrate' ]
2 info using npm@3.10.10
3 info using node@v6.9.5
4 verbose run-script [ 'predb:migrate', 'db:migrate', 'postdb:migrate' ]
5 info lifecycle rentDuo@1.0.0~predb:migrate: rentDuo@1.0.0
6 silly lifecycle rentDuo@1.0.0~predb:migrate: no script for predb:migrate, continuing
7 info lifecycle rentDuo@1.0.0~db:migrate: rentDuo@1.0.0
8 verbose lifecycle rentDuo@1.0.0~db:migrate: unsafe-perm in lifecycle true
9 verbose lifecycle rentDuo@1.0.0~db:migrate: PATH: G:\node\node_modules\npm\bin\node-gyp-bin;G:\rentDuo\rentDuoServer\src\node_modules\.bin;C:\Windows\system32;C:\Windows;C:\Windows\System32\Wbem;C:\Windows\System32\WindowsPowerShell\v1.0\;C:\Program Files (x86)\AMD\ATI.ACE\Core-Static;C:\Program Files\Microsoft SQL Server\120\Tools\Binn\;C:\Program Files\Microsoft SQL Server\130\Tools\Binn\;C:\Program Files\dotnet\;C:\Program Files\TortoiseSVN\bin;C:\Program Files (x86)\VisualSVN\bin;G:\node\;C:\Program Files (x86)\Skype\Phone\;C:\Program Files\Git\cmd;G:\postgre\pg96\bin;.bin;C:\Users\Themis\AppData\Roaming\npm;C:\Users\Themis\AppData\Local\atom\bin
10 verbose lifecycle rentDuo@1.0.0~db:migrate: CWD: G:\rentDuo\rentDuoServer\src
11 silly lifecycle rentDuo@1.0.0~db:migrate: Args: [ '/d /s /c',
11 silly lifecycle   'knex migrate:latest --knexfile ./src/knexfile.js' ]
12 silly lifecycle rentDuo@1.0.0~db:migrate: Returned: code: 1  signal: null
13 info lifecycle rentDuo@1.0.0~db:migrate: Failed to exec db:migrate script
14 verbose stack Error: rentDuo@1.0.0 db:migrate: `knex migrate:latest --knexfile ./src/knexfile.js`
14 verbose stack Exit status 1
14 verbose stack     at EventEmitter.<anonymous> (G:\node\node_modules\npm\lib\utils\lifecycle.js:255:16)
14 verbose stack     at emitTwo (events.js:106:13)
14 verbose stack     at EventEmitter.emit (events.js:191:7)
14 verbose stack     at ChildProcess.<anonymous> (G:\node\node_modules\npm\lib\utils\spawn.js:40:14)
14 verbose stack     at emitTwo (events.js:106:13)
14 verbose stack     at ChildProcess.emit (events.js:191:7)
14 verbose stack     at maybeClose (internal/child_process.js:877:16)
14 verbose stack     at Process.ChildProcess._handle.onexit (internal/child_process.js:226:5)
15 verbose pkgid rentDuo@1.0.0
16 verbose cwd G:\rentDuo\rentDuoServer\src
17 error Windows_NT 6.1.7601
18 error argv "G:\\node\\node.exe" "G:\\node\\node_modules\\npm\\bin\\npm-cli.js" "run" "db:migrate"
19 error node v6.9.5
20 error npm  v3.10.10
21 error code ELIFECYCLE
22 error rentDuo@1.0.0 db:migrate: `knex migrate:latest --knexfile ./src/knexfile.js`
22 error Exit status 1
23 error Failed at the rentDuo@1.0.0 db:migrate script 'knex migrate:latest --knexfile ./src/knexfile.js'.
23 error Make sure you have the latest version of node.js and npm installed.
23 error If you do, this is most likely a problem with the rentDuo package,
23 error not with npm itself.
23 error Tell the author that this fails on your system:
23 error     knex migrate:latest --knexfile ./src/knexfile.js
23 error You can get information on how to open an issue for this project with:
23 error     npm bugs rentDuo
23 error Or if that isn't available, you can get their info via:
23 error     npm owner ls rentDuo
23 error There is likely additional logging output above.
24 verbose exit [ 1, true ]
